2026-03-13 12:03:53 info: Congratulations, your extension "Embold" is now active!
2026-03-13 12:03:53 info: ************* init ****************
2026-03-13 12:03:53 info: tempDirectory : c:\Users\dorca\.vscode\extensions\embold-vscode.embold-0.3.7\temp
2026-03-13 12:04:04 info: Extraction complete for source: c:\Users\dorca\.vscode\extensions\embold-vscode.embold-0.3.7\resources\embold-scanner-archive.zip, destination: c:\Users\dorca\.vscode\extensions\embold-vscode.embold-0.3.7\temp
2026-03-13 12:04:04 info: Extension installed on machine OS : win32
2026-03-13 12:04:04 info: Loading issues from local database on startup (checkbox unchecked)
2026-03-13 12:04:04 info: Using emboldDBDir: c:\Users\dorca\Downloads\ai-orienta-platforme\ai-orienta-platform\.embold
2026-03-13 12:04:04 info: NO_PROXY set from VS Code http.noProxy: 
2026-03-13 12:04:04 info: NODE_TLS_REJECT_UNAUTHORIZED not set (SSL verification enabled)
2026-03-13 12:04:04 info: Using system certificates for SSL verification
2026-03-13 12:04:04 info: [STARTUP] Processing 0 total issues from database
2026-03-13 12:04:04 info: [STARTUP] Issues sorted by file path
2026-03-13 12:04:04 info: [STARTUP] Complete - Processed: 0, Skipped: 0
2026-03-13 12:04:04 info: Fetched the issues from DB
2026-03-13 12:04:04 info: Embold extension version response:{"hasSupport":false,"version":"0.2.1","changeNotes":"<div> <p>Release Date: 30 Apr, 2025 <br><span>Bug fixes and improvements.</span></p> </div>"}
2026-03-13 12:04:04 info: Current installed embold extension version : 0.3.7
2026-03-13 12:04:04 info: Latest embold extension version on marketplace : 0.2.1
2026-03-13 12:04:04 info: Current extension version: 0.3.7
2026-03-13 12:04:04 info: Stored extension version: 0.3.7
2026-03-13 12:04:04 info: No new installation or upgrade detected. Skipping plugin activation tracking.
2026-03-13 12:04:04 info: Java version installed on machine : 
java version "1.8.0_461"
Java(TM) SE Runtime Environment (build 1.8.0_461-b11)
Java HotSpot(TM) 64-Bit Server VM (build 25.461-b11, mixed mode)

2026-03-13 12:04:04 info: Java installed on machine.
2026-03-13 12:08:19 info: Row(s) deleted
2026-03-13 12:08:19 info: Row(s) deleted
2026-03-13 12:08:19 info: Row(s) deleted
2026-03-13 12:08:19 info: Row(s) deleted
2026-03-13 12:08:20 info: Row(s) deleted
2026-03-13 12:08:20 info: Row(s) deleted
2026-03-13 12:08:20 info: Row(s) deleted
2026-03-13 12:08:20 info: Row(s) deleted
2026-03-13 12:08:20 info: Row(s) deleted
2026-03-13 12:08:20 info: Row(s) deleted
2026-03-13 12:08:20 info: Row(s) deleted
2026-03-13 12:08:20 info: Row(s) deleted
2026-03-13 12:08:21 info: Row(s) deleted
2026-03-13 12:08:21 info: Row(s) deleted
2026-03-13 12:08:21 info: Row(s) deleted
2026-03-13 12:08:21 info: Row(s) deleted
2026-03-13 12:08:21 info: Row(s) deleted
2026-03-13 12:08:21 info: Row(s) deleted
2026-03-13 12:08:21 info: Row(s) deleted
2026-03-13 12:08:21 info: Row(s) deleted
2026-03-13 12:08:21 info: Row(s) deleted
2026-03-13 12:08:21 info: Row(s) deleted
2026-03-13 12:08:21 info: Row(s) deleted
2026-03-13 12:08:21 info: Row(s) deleted
2026-03-13 12:08:21 info: Row(s) deleted
2026-03-13 12:08:21 info: Row(s) deleted
2026-03-13 12:08:21 info: Row(s) deleted
2026-03-13 12:08:21 info: Row(s) deleted
2026-03-13 12:08:21 info: Row(s) deleted
2026-03-13 12:08:21 info: Row(s) deleted
2026-03-13 12:08:21 info: Row(s) deleted
2026-03-13 12:08:22 info: Row(s) deleted
2026-03-13 12:08:22 info: Row(s) deleted
2026-03-13 12:08:22 info: Row(s) deleted
2026-03-13 12:08:22 info: Row(s) deleted
2026-03-13 12:08:22 info: Row(s) deleted
2026-03-13 12:08:22 info: Row(s) deleted
2026-03-13 12:08:22 info: Row(s) deleted
2026-03-13 12:08:22 info: Row(s) deleted
2026-03-13 12:08:22 info: Row(s) deleted
2026-03-13 12:08:22 info: Row(s) deleted
2026-03-13 12:08:22 info: Row(s) deleted
2026-03-13 12:08:22 info: Row(s) deleted
2026-03-13 12:08:22 info: Row(s) deleted
2026-03-13 12:08:22 info: Row(s) deleted
2026-03-13 12:08:22 info: Row(s) deleted
2026-03-13 12:08:22 info: Row(s) deleted
2026-03-13 12:08:22 info: Row(s) deleted
2026-03-13 12:08:22 info: Row(s) deleted
2026-03-13 12:08:22 info: Row(s) deleted
2026-03-13 12:08:22 info: Row(s) deleted
2026-03-13 12:08:23 info: Row(s) deleted
2026-03-13 12:08:23 info: Row(s) deleted
2026-03-13 12:08:23 info: Row(s) deleted
2026-03-13 12:08:23 info: Row(s) deleted
2026-03-13 12:08:23 info: Row(s) deleted
2026-03-13 12:08:23 info: Row(s) deleted
2026-03-13 12:08:23 info: Row(s) deleted
2026-03-13 12:08:23 info: Row(s) deleted
2026-03-13 12:08:23 info: Row(s) deleted
2026-03-13 12:08:23 info: Row(s) deleted
2026-03-13 12:08:23 info: Row(s) deleted
2026-03-13 12:08:24 info: Row(s) deleted
2026-03-13 12:08:24 info: Row(s) deleted
2026-03-13 12:08:24 info: Row(s) deleted
2026-03-13 12:08:24 info: Row(s) deleted
2026-03-13 12:08:24 info: Row(s) deleted
2026-03-13 12:08:24 info: Row(s) deleted
2026-03-13 12:08:24 info: Row(s) deleted
2026-03-13 12:08:24 info: Row(s) deleted
2026-03-13 12:08:24 info: Row(s) deleted
2026-03-13 12:08:24 info: Row(s) deleted
2026-03-13 12:08:24 info: Row(s) deleted
2026-03-13 12:08:24 info: Row(s) deleted
2026-03-13 12:08:24 info: Row(s) deleted
2026-03-13 12:08:24 info: Row(s) deleted
2026-03-13 12:08:24 info: Row(s) deleted
2026-03-13 12:08:25 info: Row(s) deleted
2026-03-13 12:08:25 info: Row(s) deleted
2026-03-13 12:08:25 info: Row(s) deleted
2026-03-13 12:08:25 info: Row(s) deleted
2026-03-13 12:08:25 info: Row(s) deleted
2026-03-13 12:08:25 info: Row(s) deleted
2026-03-13 12:08:25 info: Row(s) deleted
2026-03-13 12:08:25 info: Row(s) deleted
2026-03-13 12:08:26 info: Row(s) deleted
2026-03-13 12:08:26 info: Row(s) deleted
2026-03-13 12:08:26 info: Row(s) deleted
2026-03-13 12:08:26 info: Row(s) deleted
2026-03-13 12:08:26 info: Row(s) deleted
2026-03-13 12:08:26 info: Row(s) deleted
2026-03-13 12:08:26 info: Row(s) deleted
2026-03-13 12:08:26 info: Row(s) deleted
2026-03-13 12:08:26 info: Row(s) deleted
2026-03-13 12:08:26 info: Row(s) deleted
2026-03-13 12:08:26 info: Row(s) deleted
2026-03-13 12:08:26 info: Row(s) deleted
2026-03-13 12:08:26 info: Row(s) deleted
2026-03-13 12:08:26 info: Row(s) deleted
2026-03-13 12:08:26 info: Row(s) deleted
2026-03-13 12:08:27 info: Row(s) deleted
2026-03-13 12:08:27 info: Row(s) deleted
2026-03-13 12:08:27 info: Row(s) deleted
2026-03-13 12:08:27 info: Row(s) deleted
2026-03-13 12:08:27 info: Row(s) deleted
2026-03-13 12:08:27 info: Row(s) deleted
2026-03-13 12:08:27 info: Row(s) deleted
2026-03-13 12:08:27 info: Row(s) deleted
2026-03-13 12:08:27 info: Row(s) deleted
2026-03-13 12:08:27 info: Row(s) deleted
2026-03-13 12:08:27 info: Row(s) deleted
2026-03-13 12:08:27 info: Row(s) deleted
2026-03-13 12:08:27 info: Row(s) deleted
2026-03-13 12:08:27 info: Row(s) deleted
2026-03-13 12:08:27 info: Row(s) deleted
2026-03-13 12:08:27 info: Row(s) deleted
2026-03-13 12:08:28 info: Row(s) deleted
2026-03-13 12:08:28 info: Row(s) deleted
2026-03-13 12:08:28 info: Row(s) deleted
2026-03-13 12:08:28 info: Row(s) deleted
2026-03-13 12:08:28 info: Row(s) deleted
2026-03-13 12:08:28 info: Row(s) deleted
2026-03-13 12:08:28 info: Row(s) deleted
2026-03-13 12:08:28 info: Row(s) deleted
2026-03-13 12:08:28 info: Row(s) deleted
2026-03-13 12:08:28 info: Row(s) deleted
2026-03-13 12:08:28 info: Row(s) deleted
2026-03-13 12:08:28 info: Row(s) deleted
2026-03-13 12:08:29 info: Row(s) deleted
2026-03-13 12:08:29 info: Row(s) deleted
2026-03-13 12:08:29 info: Row(s) deleted
2026-03-13 12:08:29 info: Row(s) deleted
2026-03-13 12:08:29 info: Row(s) deleted
2026-03-13 12:08:29 info: Row(s) deleted
2026-03-13 12:08:29 info: Row(s) deleted
2026-03-13 12:08:29 info: Row(s) deleted
2026-03-13 12:08:29 info: Row(s) deleted
2026-03-13 12:08:29 info: Row(s) deleted
2026-03-13 12:08:29 info: Row(s) deleted
2026-03-13 12:08:29 info: Row(s) deleted
2026-03-13 12:08:29 info: Row(s) deleted
2026-03-13 12:08:30 info: Row(s) deleted
2026-03-13 12:08:30 info: Row(s) deleted
2026-03-13 12:08:30 info: Row(s) deleted
2026-03-13 12:08:30 info: Row(s) deleted
2026-03-13 12:08:30 info: Row(s) deleted
2026-03-13 12:08:30 info: Row(s) deleted
2026-03-13 12:08:30 info: Row(s) deleted
2026-03-13 12:15:36 info: Row(s) deleted
2026-03-13 12:15:36 info: Row(s) deleted
2026-03-13 12:15:36 info: Row(s) deleted
2026-03-13 12:15:36 info: Row(s) deleted
2026-03-13 12:15:36 info: Row(s) deleted
2026-03-13 12:15:36 info: Row(s) deleted
2026-03-13 12:15:36 info: Row(s) deleted
2026-03-13 12:15:37 info: Row(s) deleted
2026-03-13 12:15:37 info: Row(s) deleted
2026-03-13 12:15:37 info: Row(s) deleted
2026-03-13 12:15:37 info: Row(s) deleted
2026-03-13 12:15:37 info: Row(s) deleted
2026-03-13 12:15:37 info: Row(s) deleted
2026-03-13 12:15:37 info: Row(s) deleted
2026-03-13 12:15:38 info: Row(s) deleted
2026-03-13 12:15:38 info: Row(s) deleted
2026-03-13 12:15:38 info: Row(s) deleted
2026-03-13 12:15:38 info: Row(s) deleted
2026-03-13 12:15:38 info: Row(s) deleted
2026-03-13 12:15:38 info: Row(s) deleted
2026-03-13 12:15:39 info: Row(s) deleted
2026-03-13 12:15:39 info: Row(s) deleted
2026-03-13 12:15:39 info: Row(s) deleted
2026-03-13 12:15:40 info: Row(s) deleted
2026-03-13 12:15:40 info: Row(s) deleted
2026-03-13 12:15:40 info: Row(s) deleted
2026-03-13 12:15:40 info: Row(s) deleted
2026-03-13 12:15:40 info: Row(s) deleted
2026-03-13 12:15:41 info: Row(s) deleted
2026-03-13 12:15:41 info: Row(s) deleted
2026-03-13 12:15:41 info: Row(s) deleted
2026-03-13 12:15:41 info: Row(s) deleted
2026-03-13 12:15:41 info: Row(s) deleted
2026-03-13 12:15:41 info: Row(s) deleted
2026-03-13 12:15:41 info: Row(s) deleted
2026-03-13 12:15:41 info: Row(s) deleted
2026-03-13 12:15:41 info: Row(s) deleted
2026-03-13 12:15:41 info: Row(s) deleted
2026-03-13 12:15:41 info: Row(s) deleted
2026-03-13 12:15:41 info: Row(s) deleted
2026-03-13 12:15:41 info: Row(s) deleted
2026-03-13 12:15:41 info: Row(s) deleted
2026-03-13 12:15:41 info: Row(s) deleted
2026-03-13 12:15:41 info: Row(s) deleted
2026-03-13 12:15:41 info: Row(s) deleted
2026-03-13 12:15:41 info: Row(s) deleted
2026-03-13 12:15:41 info: Row(s) deleted
2026-03-13 12:15:42 info: Row(s) deleted
2026-03-13 12:15:42 info: Row(s) deleted
2026-03-13 12:15:42 info: Row(s) deleted
2026-03-13 12:15:43 info: Row(s) deleted
2026-03-13 12:15:43 info: Row(s) deleted
2026-03-13 12:15:43 info: Row(s) deleted
2026-03-13 12:15:43 info: Row(s) deleted
2026-03-13 12:15:43 info: Row(s) deleted
2026-03-13 12:15:43 info: Row(s) deleted
2026-03-13 12:15:43 info: Row(s) deleted
2026-03-13 12:15:44 info: Row(s) deleted
2026-03-13 12:15:44 info: Row(s) deleted
2026-03-13 12:15:44 info: Row(s) deleted
2026-03-13 12:15:45 info: Row(s) deleted
2026-03-13 12:15:45 info: Row(s) deleted
2026-03-13 12:15:45 info: Row(s) deleted
2026-03-13 12:15:45 info: Row(s) deleted
2026-03-13 12:15:45 info: Row(s) deleted
2026-03-13 12:15:45 info: Row(s) deleted
2026-03-13 12:15:46 info: Row(s) deleted
2026-03-13 12:15:46 info: Row(s) deleted
2026-03-13 12:15:46 info: Row(s) deleted
2026-03-13 12:15:47 info: Row(s) deleted
2026-03-13 12:15:47 info: Row(s) deleted
2026-03-13 12:15:47 info: Row(s) deleted
2026-03-13 12:15:47 info: Row(s) deleted
2026-03-13 12:15:47 info: Row(s) deleted
2026-03-13 12:15:47 info: Row(s) deleted
2026-03-13 12:15:47 info: Row(s) deleted
2026-03-13 12:15:48 info: Row(s) deleted
2026-03-13 12:15:48 info: Row(s) deleted
2026-03-13 12:15:48 info: Row(s) deleted
2026-03-13 12:15:49 info: Row(s) deleted
2026-03-13 12:15:49 info: Row(s) deleted
2026-03-13 12:15:49 info: Row(s) deleted
2026-03-13 12:15:49 info: Row(s) deleted
2026-03-13 12:15:50 info: Row(s) deleted
2026-03-13 12:15:50 info: Row(s) deleted
2026-03-13 12:15:50 info: Row(s) deleted
2026-03-13 12:15:50 info: Row(s) deleted
2026-03-13 12:15:50 info: Row(s) deleted
2026-03-13 12:15:50 info: Row(s) deleted
2026-03-13 12:15:50 info: Row(s) deleted
2026-03-13 12:15:51 info: Row(s) deleted
2026-03-13 12:15:51 info: Row(s) deleted
2026-03-13 12:15:51 info: Row(s) deleted
2026-03-13 12:15:51 info: Row(s) deleted
2026-03-13 12:15:51 info: Row(s) deleted
2026-03-13 12:15:51 info: Row(s) deleted
2026-03-13 12:15:53 info: Row(s) deleted
2026-03-13 12:15:53 info: Row(s) deleted
2026-03-13 12:15:54 info: Row(s) deleted
2026-03-13 12:15:55 info: Row(s) deleted
2026-03-13 12:15:55 info: Row(s) deleted
2026-03-13 12:15:55 info: Row(s) deleted
2026-03-13 12:15:55 info: Row(s) deleted
2026-03-13 12:15:55 info: Row(s) deleted
2026-03-13 12:15:55 info: Row(s) deleted
2026-03-13 12:15:55 info: Row(s) deleted
2026-03-13 12:15:56 info: Row(s) deleted
2026-03-13 12:15:56 info: Row(s) deleted
2026-03-13 12:15:56 info: Row(s) deleted
2026-03-13 12:15:56 info: Row(s) deleted
2026-03-13 12:15:59 info: Row(s) deleted
2026-03-13 12:15:59 info: Row(s) deleted
2026-03-13 12:15:59 info: Row(s) deleted
2026-03-13 12:15:59 info: Row(s) deleted
2026-03-13 12:15:59 info: Row(s) deleted
2026-03-13 12:15:59 info: Row(s) deleted
2026-03-13 12:15:59 info: Row(s) deleted
2026-03-13 12:15:59 info: Row(s) deleted
2026-03-13 12:15:59 info: Row(s) deleted
2026-03-13 12:16:00 info: Row(s) deleted
2026-03-13 12:16:00 info: Row(s) deleted
2026-03-13 12:16:00 info: Row(s) deleted
2026-03-13 12:16:00 info: Row(s) deleted
2026-03-13 12:16:00 info: Row(s) deleted
2026-03-13 12:16:00 info: Row(s) deleted
2026-03-13 12:16:01 info: Row(s) deleted
2026-03-13 12:16:01 info: Row(s) deleted
2026-03-13 12:16:01 info: Row(s) deleted
2026-03-13 12:16:01 info: Row(s) deleted
2026-03-13 12:16:01 info: Row(s) deleted
2026-03-13 12:16:01 info: Row(s) deleted
2026-03-13 12:16:01 info: Row(s) deleted
2026-03-13 12:16:01 info: Row(s) deleted
2026-03-13 12:16:01 info: Row(s) deleted
2026-03-13 12:16:01 info: Row(s) deleted
2026-03-13 12:16:02 info: Row(s) deleted
2026-03-13 12:16:02 info: Row(s) deleted
2026-03-13 12:16:02 info: Row(s) deleted
2026-03-13 12:16:02 info: Row(s) deleted
2026-03-13 12:16:03 info: Row(s) deleted
2026-03-13 12:16:03 info: Row(s) deleted
2026-03-13 12:16:03 info: Row(s) deleted
2026-03-13 12:16:03 info: Row(s) deleted
2026-03-13 12:16:03 info: Row(s) deleted
2026-03-13 12:16:03 info: Row(s) deleted
2026-03-13 12:16:03 info: Row(s) deleted
2026-03-13 12:16:03 info: Row(s) deleted
2026-03-13 12:16:03 info: Row(s) deleted
2026-03-13 12:16:03 info: Row(s) deleted
2026-03-13 12:16:03 info: Row(s) deleted
2026-03-13 12:16:03 info: Row(s) deleted
2026-03-13 12:16:04 info: Row(s) deleted
2026-03-13 12:16:04 info: Row(s) deleted
2026-03-13 12:16:04 info: Row(s) deleted
2026-03-13 12:16:05 info: Row(s) deleted
2026-03-13 12:16:05 info: Row(s) deleted
2026-03-13 12:16:05 info: Row(s) deleted
2026-03-13 12:16:05 info: Row(s) deleted
2026-03-13 12:16:05 info: Row(s) deleted
2026-03-13 12:16:05 info: Row(s) deleted
2026-03-13 12:16:05 info: Row(s) deleted
2026-03-13 12:16:05 info: Row(s) deleted
2026-03-13 12:16:05 info: Row(s) deleted
2026-03-13 12:16:05 info: Row(s) deleted
2026-03-13 12:16:06 info: Row(s) deleted
2026-03-13 12:16:06 info: Row(s) deleted
2026-03-13 12:16:06 info: Row(s) deleted
2026-03-13 12:16:06 info: Row(s) deleted
2026-03-13 12:16:06 info: Row(s) deleted
2026-03-13 12:16:06 info: Row(s) deleted
2026-03-13 12:16:06 info: Row(s) deleted
2026-03-13 12:16:07 info: Row(s) deleted
2026-03-13 12:16:07 info: Row(s) deleted
2026-03-13 12:16:07 info: Row(s) deleted
2026-03-13 12:16:07 info: Row(s) deleted
2026-03-13 12:16:07 info: Row(s) deleted
2026-03-13 12:16:07 info: Row(s) deleted
2026-03-13 12:16:07 info: Row(s) deleted
2026-03-13 12:16:08 info: Row(s) deleted
2026-03-13 12:16:08 info: Row(s) deleted
2026-03-13 12:16:08 info: Row(s) deleted
2026-03-13 12:16:08 info: Row(s) deleted
2026-03-13 12:16:08 info: Row(s) deleted
2026-03-13 12:16:08 info: Row(s) deleted
2026-03-13 12:16:08 info: Row(s) deleted
2026-03-13 12:16:09 info: Row(s) deleted
2026-03-13 12:16:09 info: Row(s) deleted
2026-03-13 12:16:09 info: Row(s) deleted
2026-03-13 12:16:09 info: Row(s) deleted
2026-03-13 12:16:09 info: Row(s) deleted
2026-03-13 12:16:09 info: Row(s) deleted
2026-03-13 12:16:09 info: Row(s) deleted
2026-03-13 12:16:10 info: Row(s) deleted
2026-03-13 12:16:10 info: Row(s) deleted
2026-03-13 12:16:10 info: Row(s) deleted
2026-03-13 12:16:10 info: Row(s) deleted
2026-03-13 12:16:10 info: Row(s) deleted
2026-03-13 12:16:10 info: Row(s) deleted
2026-03-13 12:16:10 info: Row(s) deleted
2026-03-13 12:16:10 info: Row(s) deleted
2026-03-13 12:16:10 info: Row(s) deleted
2026-03-13 12:16:10 info: Row(s) deleted
2026-03-13 12:16:10 info: Row(s) deleted
2026-03-13 12:16:10 info: Row(s) deleted
2026-03-13 12:16:10 info: Row(s) deleted
2026-03-13 12:16:11 info: Row(s) deleted
2026-03-13 12:16:11 info: Row(s) deleted
2026-03-13 12:16:11 info: Row(s) deleted
2026-03-13 12:16:11 info: Row(s) deleted
2026-03-13 12:16:11 info: Row(s) deleted
2026-03-13 12:16:11 info: Row(s) deleted
2026-03-13 12:16:12 info: Row(s) deleted
2026-03-13 12:16:12 info: Row(s) deleted
2026-03-13 12:16:12 info: Row(s) deleted
2026-03-13 12:16:12 info: Row(s) deleted
2026-03-13 12:16:13 info: Row(s) deleted
2026-03-13 12:16:13 info: Row(s) deleted
2026-03-13 12:16:13 info: Row(s) deleted
2026-03-13 12:16:13 info: Row(s) deleted
2026-03-13 12:16:13 info: Row(s) deleted
2026-03-13 12:16:13 info: Row(s) deleted
2026-03-13 12:16:13 info: Row(s) deleted
2026-03-13 12:16:13 info: Row(s) deleted
2026-03-13 12:16:13 info: Row(s) deleted
2026-03-13 12:16:13 info: Row(s) deleted
2026-03-13 12:16:13 info: Row(s) deleted
2026-03-13 12:16:13 info: Row(s) deleted
2026-03-13 12:16:13 info: Row(s) deleted
2026-03-13 12:16:13 info: Row(s) deleted
2026-03-13 12:16:13 info: Row(s) deleted
2026-03-13 12:16:14 info: Row(s) deleted
2026-03-13 12:16:14 info: Row(s) deleted
2026-03-13 12:16:14 info: Row(s) deleted
2026-03-13 12:16:14 info: Row(s) deleted
2026-03-13 12:16:14 info: Row(s) deleted
2026-03-13 12:16:14 info: Row(s) deleted
2026-03-13 12:16:14 info: Row(s) deleted
2026-03-13 12:16:15 info: Row(s) deleted
2026-03-13 12:16:15 info: Row(s) deleted
2026-03-13 12:16:15 info: Row(s) deleted
2026-03-13 12:16:15 info: Row(s) deleted
2026-03-13 12:16:15 info: Row(s) deleted
2026-03-13 12:16:15 info: Row(s) deleted
2026-03-13 12:16:15 info: Row(s) deleted
2026-03-13 12:16:15 info: Row(s) deleted
2026-03-13 12:16:15 info: Row(s) deleted
2026-03-13 12:16:15 info: Row(s) deleted
2026-03-13 12:16:15 info: Row(s) deleted
2026-03-13 12:16:15 info: Row(s) deleted
2026-03-13 12:16:16 info: Row(s) deleted
2026-03-13 12:16:16 info: Row(s) deleted
2026-03-13 12:16:17 info: Row(s) deleted
2026-03-13 12:16:17 info: Row(s) deleted
2026-03-13 12:16:17 info: Row(s) deleted
2026-03-13 12:16:17 info: Row(s) deleted
2026-03-13 12:16:17 info: Row(s) deleted
2026-03-13 12:16:17 info: Row(s) deleted
2026-03-13 12:16:17 info: Row(s) deleted
2026-03-13 12:16:17 info: Row(s) deleted
2026-03-13 12:16:17 info: Row(s) deleted
2026-03-13 12:16:17 info: Row(s) deleted
2026-03-13 12:16:17 info: Row(s) deleted
2026-03-13 12:16:17 info: Row(s) deleted
2026-03-13 12:16:17 info: Row(s) deleted
2026-03-13 12:16:18 info: Row(s) deleted
2026-03-13 12:16:18 info: Row(s) deleted
2026-03-13 12:16:18 info: Row(s) deleted
2026-03-13 12:16:18 info: Row(s) deleted
2026-03-13 12:16:18 info: Row(s) deleted
2026-03-13 12:16:18 info: Row(s) deleted
2026-03-13 12:16:18 info: Row(s) deleted
2026-03-13 12:16:18 info: Row(s) deleted
2026-03-13 12:16:18 info: Row(s) deleted
2026-03-13 12:16:18 info: Row(s) deleted
2026-03-13 12:16:19 info: Row(s) deleted
2026-03-13 12:16:19 info: Row(s) deleted
2026-03-13 12:16:19 info: Row(s) deleted
2026-03-13 12:16:19 info: Row(s) deleted
2026-03-13 12:16:19 info: Row(s) deleted
2026-03-13 12:16:19 info: Row(s) deleted
2026-03-13 12:16:19 info: Row(s) deleted
2026-03-13 12:16:19 info: Row(s) deleted
2026-03-13 12:16:19 info: Row(s) deleted
2026-03-13 12:16:19 info: Row(s) deleted
2026-03-13 12:16:19 info: Row(s) deleted
2026-03-13 12:16:19 info: Row(s) deleted
2026-03-13 12:16:20 info: Row(s) deleted
2026-03-13 12:16:20 info: Row(s) deleted
2026-03-13 12:16:20 info: Row(s) deleted
2026-03-13 12:16:20 info: Row(s) deleted
2026-03-13 12:16:20 info: Row(s) deleted
2026-03-13 12:16:20 info: Row(s) deleted
2026-03-13 12:16:20 info: Row(s) deleted
2026-03-13 12:16:20 info: Row(s) deleted
2026-03-13 12:16:20 info: Row(s) deleted
2026-03-13 12:16:21 info: Row(s) deleted
2026-03-13 12:16:21 info: Row(s) deleted
2026-03-13 12:16:21 info: Row(s) deleted
2026-03-13 12:16:21 info: Row(s) deleted
2026-03-13 12:16:21 info: Row(s) deleted
2026-03-13 12:16:21 info: Row(s) deleted
2026-03-13 12:16:21 info: Row(s) deleted
2026-03-13 12:16:22 info: Row(s) deleted
2026-03-13 12:16:22 info: Row(s) deleted
2026-03-13 12:16:22 info: Row(s) deleted
2026-03-13 12:16:22 info: Row(s) deleted
2026-03-13 12:16:22 info: Row(s) deleted
2026-03-13 12:16:22 info: Row(s) deleted
2026-03-13 12:16:22 info: Row(s) deleted
2026-03-13 12:16:22 info: Row(s) deleted
2026-03-13 12:16:22 info: Row(s) deleted
2026-03-13 12:16:23 info: Row(s) deleted
2026-03-13 12:16:23 info: Row(s) deleted
2026-03-13 12:16:23 info: Row(s) deleted
2026-03-13 12:16:23 info: Row(s) deleted
2026-03-13 12:16:23 info: Row(s) deleted
2026-03-13 12:16:23 info: Row(s) deleted
2026-03-13 12:16:23 info: Row(s) deleted
2026-03-13 12:16:23 info: Row(s) deleted
2026-03-13 12:16:23 info: Row(s) deleted
2026-03-13 12:16:23 info: Row(s) deleted
2026-03-13 12:16:24 info: Row(s) deleted
2026-03-13 12:16:24 info: Row(s) deleted
2026-03-13 12:16:24 info: Row(s) deleted
2026-03-13 12:16:24 info: Row(s) deleted
2026-03-13 12:16:24 info: Row(s) deleted
2026-03-13 12:16:24 info: Row(s) deleted
2026-03-13 12:16:24 info: Row(s) deleted
2026-03-13 12:16:24 info: Row(s) deleted
2026-03-13 12:16:24 info: Row(s) deleted
2026-03-13 12:16:24 info: Row(s) deleted
2026-03-13 12:16:24 info: Row(s) deleted
2026-03-13 12:16:24 info: Row(s) deleted
2026-03-13 12:16:25 info: Row(s) deleted
2026-03-13 12:16:25 info: Row(s) deleted
2026-03-13 12:16:25 info: Row(s) deleted
2026-03-13 12:16:25 info: Row(s) deleted
2026-03-13 12:16:25 info: Row(s) deleted
2026-03-13 12:16:25 info: Row(s) deleted
2026-03-13 12:16:25 info: Row(s) deleted
2026-03-13 12:16:25 info: Row(s) deleted
2026-03-13 12:16:25 info: Row(s) deleted
2026-03-13 12:16:25 info: Row(s) deleted
2026-03-13 12:16:25 info: Row(s) deleted
2026-03-13 12:16:25 info: Row(s) deleted
2026-03-13 12:16:26 info: Row(s) deleted
2026-03-13 12:16:26 info: Row(s) deleted
2026-03-13 12:16:26 info: Row(s) deleted
2026-03-13 12:16:26 info: Row(s) deleted
2026-03-13 12:16:26 info: Row(s) deleted
2026-03-13 12:16:26 info: Row(s) deleted
2026-03-13 12:16:26 info: Row(s) deleted
2026-03-13 12:16:26 info: Row(s) deleted
2026-03-13 12:16:26 info: Row(s) deleted
2026-03-13 12:16:26 info: Row(s) deleted
2026-03-13 12:16:26 info: Row(s) deleted
2026-03-13 12:16:26 info: Row(s) deleted
2026-03-13 12:16:27 info: Row(s) deleted
2026-03-13 12:16:27 info: Row(s) deleted
2026-03-13 12:16:27 info: Row(s) deleted
2026-03-13 12:16:27 info: Row(s) deleted
2026-03-13 12:16:27 info: Row(s) deleted
2026-03-13 12:16:27 info: Row(s) deleted
2026-03-13 12:16:28 info: Row(s) deleted
2026-03-13 12:16:28 info: Row(s) deleted
2026-03-13 12:16:28 info: Row(s) deleted
2026-03-13 12:16:28 info: Row(s) deleted
2026-03-13 12:16:28 info: Row(s) deleted
2026-03-13 12:16:28 info: Row(s) deleted
2026-03-13 12:16:28 info: Row(s) deleted
2026-03-13 12:16:28 info: Row(s) deleted
2026-03-13 12:16:28 info: Row(s) deleted
2026-03-13 12:16:28 info: Row(s) deleted
2026-03-13 12:16:28 info: Row(s) deleted
2026-03-13 12:16:28 info: Row(s) deleted
2026-03-13 12:16:29 info: Row(s) deleted
2026-03-13 12:16:29 info: Row(s) deleted
2026-03-13 12:16:29 info: Row(s) deleted
2026-03-13 12:16:29 info: Row(s) deleted
2026-03-13 12:16:29 info: Row(s) deleted
2026-03-13 12:16:29 info: Row(s) deleted
2026-03-13 12:16:29 info: Row(s) deleted
2026-03-13 12:16:29 info: Row(s) deleted
2026-03-13 12:16:29 info: Row(s) deleted
2026-03-13 12:16:29 info: Row(s) deleted
2026-03-13 12:16:30 info: Row(s) deleted
2026-03-13 12:16:30 info: Row(s) deleted
2026-03-13 12:16:30 info: Row(s) deleted
2026-03-13 12:16:30 info: Row(s) deleted
2026-03-13 12:16:30 info: Row(s) deleted
2026-03-13 12:16:30 info: Row(s) deleted
2026-03-13 12:16:30 info: Row(s) deleted
2026-03-13 12:16:30 info: Row(s) deleted
2026-03-13 12:16:31 info: Row(s) deleted
2026-03-13 12:16:31 info: Row(s) deleted
2026-03-13 12:16:31 info: Row(s) deleted
2026-03-13 12:16:31 info: Row(s) deleted
2026-03-13 12:16:31 info: Row(s) deleted
2026-03-13 12:16:31 info: Row(s) deleted
2026-03-13 12:16:31 info: Row(s) deleted
2026-03-13 12:16:31 info: Row(s) deleted
2026-03-13 12:16:31 info: Row(s) deleted
2026-03-13 12:16:31 info: Row(s) deleted
2026-03-13 12:16:31 info: Row(s) deleted
2026-03-13 12:16:32 info: Row(s) deleted
2026-03-13 12:16:32 info: Row(s) deleted
2026-03-13 12:16:32 info: Row(s) deleted
2026-03-13 12:16:34 info: Row(s) deleted
2026-03-13 12:18:00 info: Row(s) deleted
2026-03-13 12:18:24 info: Row(s) deleted
2026-03-13 12:22:18 info: Row(s) deleted
2026-03-13 12:22:18 info: Row(s) deleted
